2023/05/22 13:50:03 [main] INFO  c.e.s.SpringBootLearningApplication - Starting SpringBootLearningApplication using Java 17.0.6 with PID 38932 (C:\Users\FET\Desktop\SpringBoot\SpringBootLearning\target\classes started by FET in C:\Users\FET\Desktop\SpringBoot\SpringBootLearning)
2023/05/22 13:50:03 [main] INFO  c.e.s.SpringBootLearningApplication - The following 1 profile is active: "dev"
2023/05/22 13:50:04 [main] INFO  o.s.d.r.c.RepositoryConfigurationDelegate - Bootstrapping Spring Data JPA repositories in DEFAULT mode.
2023/05/22 13:50:04 [main] INFO  o.s.d.r.c.RepositoryConfigurationDelegate - Finished Spring Data repository scanning in 66 ms. Found 4 JPA repository interfaces.
2023/05/22 13:50:05 [main] INFO  o.s.b.w.e.tomcat.TomcatWebServer - Tomcat initialized with port(s): 8082 (http)
2023/05/22 13:50:05 [main] INFO  o.a.catalina.core.StandardService - Starting service [Tomcat]
2023/05/22 13:50:05 [main] INFO  o.a.catalina.core.StandardEngine - Starting Servlet engine: [Apache Tomcat/10.1.8]
2023/05/22 13:50:05 [main] INFO  o.a.c.c.C.[Tomcat].[localhost].[/] - Initializing Spring embedded WebApplicationContext
2023/05/22 13:50:05 [main] INFO  o.s.b.w.s.c.ServletWebServerApplicationContext - Root WebApplicationContext: initialization completed in 1748 ms
2023/05/22 13:50:05 [main] INFO  o.h.jpa.internal.util.LogHelper - HHH000204: Processing PersistenceUnitInfo [name: default]
2023/05/22 13:50:05 [main] INFO  org.hibernate.Version - HHH000412: Hibernate ORM core version 6.2.2.Final
2023/05/22 13:50:05 [main] INFO  org.hibernate.cfg.Environment - HHH000406: Using bytecode reflection optimizer
2023/05/22 13:50:05 [main] INFO  o.h.b.i.BytecodeProviderInitiator - HHH000021: Bytecode provider name : bytebuddy
2023/05/22 13:50:05 [main] INFO  o.s.o.j.p.SpringPersistenceUnitInfo - No LoadTimeWeaver setup: ignoring JPA class transformer
2023/05/22 13:50:05 [main] INFO  com.zaxxer.hikari.HikariDataSource - HikariPool-1 - Starting...
2023/05/22 13:50:05 [main] INFO  com.zaxxer.hikari.pool.HikariPool - HikariPool-1 - Added connection com.mysql.cj.jdbc.ConnectionImpl@1e50eb3f
2023/05/22 13:50:05 [main] INFO  com.zaxxer.hikari.HikariDataSource - HikariPool-1 - Start completed.
2023/05/22 13:50:05 [main] INFO  org.hibernate.orm.dialect - HHH035001: Using dialect: org.hibernate.dialect.MySQLDialect, version: 8.0.32
2023/05/22 13:50:06 [main] INFO  o.h.b.i.BytecodeProviderInitiator - HHH000021: Bytecode provider name : bytebuddy
2023/05/22 13:50:06 [main] INFO  o.h.e.t.j.p.i.JtaPlatformInitiator - HHH000490: Using JtaPlatform implementation: [org.hibernate.engine.transaction.jta.platform.internal.NoJtaPlatform]
2023/05/22 13:50:06 [main] DEBUG org.hibernate.SQL - alter table role modify column id  bigint not null
2023/05/22 13:50:06 [main] INFO  o.s.o.j.LocalContainerEntityManagerFactoryBean - Initialized JPA EntityManagerFactory for persistence unit 'default'
2023/05/22 13:50:07 [main] INFO  o.s.d.j.r.query.QueryEnhancerFactory - Hibernate is in classpath; If applicable, HQL parser will be used.
2023/05/22 13:50:07 [main] INFO  o.s.b.f.a.AutowiredAnnotationBeanPostProcessor - Autowired annotation is not supported on static fields: private static final java.lang.String com.example.springbootlearning.service.Impl.GoogleServiceImpl.issuer
2023/05/22 13:50:07 [main] WARN  o.s.b.a.o.j.JpaBaseConfiguration$JpaWebConfiguration - spring.jpa.open-in-view is enabled by default. Therefore, database queries may be performed during view rendering. Explicitly configure spring.jpa.open-in-view to disable this warning
2023/05/22 13:50:07 [main] WARN  o.s.b.a.s.s.UserDetailsServiceAutoConfiguration - 

Using generated security password: a03d876b-1262-4cb5-b2b4-1452414e60e1

This generated password is for development use only. Your security configuration must be updated before running your application in production.

2023/05/22 13:50:08 [main] INFO  o.s.s.web.DefaultSecurityFilterChain - Will secure any request with [org.springframework.security.web.session.DisableEncodeUrlFilter@68a1906f, org.springframework.security.web.context.request.async.WebAsyncManagerIntegrationFilter@558bff39, org.springframework.security.web.context.SecurityContextHolderFilter@6a225642, org.springframework.security.web.header.HeaderWriterFilter@2991524, org.springframework.security.web.authentication.logout.LogoutFilter@125c1134, org.springframework.security.web.savedrequest.RequestCacheAwareFilter@27165978, org.springframework.security.web.servletapi.SecurityContextHolderAwareRequestFilter@484313a6, org.springframework.security.web.authentication.AnonymousAuthenticationFilter@7e01d838, org.springframework.security.web.session.SessionManagementFilter@1bab3926, org.springframework.security.web.access.ExceptionTranslationFilter@3bcebb8f, org.springframework.security.web.access.intercept.AuthorizationFilter@28c06c3c]
2023/05/22 13:50:09 [main] INFO  o.s.b.w.e.tomcat.TomcatWebServer - Tomcat started on port(s): 8082 (http) with context path ''
2023/05/22 13:50:09 [main] INFO  c.e.s.SpringBootLearningApplication - Started SpringBootLearningApplication in 6.257 seconds (process running for 7.096)
2023/05/22 13:50:11 [SpringApplicationShutdownHook] INFO  o.s.o.j.LocalContainerEntityManagerFactoryBean - Closing JPA EntityManagerFactory for persistence unit 'default'
2023/05/22 13:50:11 [SpringApplicationShutdownHook] INFO  com.zaxxer.hikari.HikariDataSource - HikariPool-1 - Shutdown initiated...
2023/05/22 13:50:11 [SpringApplicationShutdownHook] INFO  com.zaxxer.hikari.HikariDataSource - HikariPool-1 - Shutdown completed.
